<?xml version="1.0" encoding="UTF-8"?>
<!-- Generated by org.testng.reporters.JUnitReportReporter -->
<testsuite skipped="0" hostname="DESKTOP-61LGS0M" name="com.cabestan.controllers.UseCase_EditeurBDD" tests="1" failures="0" timestamp="28 avr. 2017 08:42:24 GMT" time="50.661" errors="0">
  <testcase name="Creation_Dim_Table_Champs" time="50.661" classname="com.cabestan.controllers.UseCase_EditeurBDD"/>
</testsuite> <!-- com.cabestan.controllers.UseCase_EditeurBDD -->
