<?xml version="1.0" encoding="UTF-8"?>
<!-- Generated by org.testng.reporters.JUnitReportReporter -->
<testsuite skipped="0" hostname="PORT-10040" name="com.one2team.scripts.SuiteUseCase" tests="3" failures="0" timestamp="21 sept. 2018 16:32:39 GMT" time="39.886" errors="0">
  <testcase name="ScriptDragANDDropCard" time="9.675" classname="com.one2team.scripts.SuiteUseCase"/>
  <testcase name="ScriptCreateCarte" time="20.676" classname="com.one2team.scripts.SuiteUseCase"/>
  <testcase name="ScriptUploadFileInCard" time="9.535" classname="com.one2team.scripts.SuiteUseCase"/>
</testsuite> <!-- com.one2team.scripts.SuiteUseCase -->
