<?xml version="1.0" encoding="UTF-8"?>
<!-- Generated by org.testng.reporters.JUnitReportReporter -->
<testsuite skipped="0" hostname="SAIDANI-PC" name="com.cabestan.scripts.SuiteUseCase" tests="1" failures="0" timestamp="16 sept. 2018 21:59:07 GMT" time="17.392" errors="0">
  <testcase name="ScriptCreateCarte" time="17.392" classname="com.cabestan.scripts.SuiteUseCase"/>
</testsuite> <!-- com.cabestan.scripts.SuiteUseCase -->
