<?xml version="1.0" encoding="UTF-8"?>
<!-- Generated by org.testng.reporters.JUnitReportReporter -->
<testsuite skipped="0" hostname="DESKTOP-61LGS0M" name="com.cabestan.controllers.SuiteUseCase" tests="1" failures="0" timestamp="05 mai 2017 14:51:43 GMT" time="12.365" errors="0">
  <testcase name="launchTest" time="12.365" classname="com.cabestan.controllers.SuiteUseCase"/>
</testsuite> <!-- com.cabestan.controllers.SuiteUseCase -->
